<?xml version="1.0" encoding="UTF-8"?>
<!-- Generated by org.testng.reporters.JUnitReportReporter -->
<testsuite hostname="STRAW58ZLPC0582" failures="0" tests="1" name="AnnnotationTestNG.groupdemo" time="0.008" errors="0" timestamp="2023-11-16T11:45:33 IST" skipped="0">
  <testcase classname="AnnnotationTestNG.groupdemo" name="logout" time="0.008"/>
</testsuite> <!-- AnnnotationTestNG.groupdemo -->
