<?xml version="1.0" encoding="UTF-8"?>
<!-- Generated by org.testng.reporters.JUnitReportReporter -->
<testsuite hostname="STRAW58ZLPC0582" failures="0" tests="3" name="TestNG.priorittestng" time="0.006" errors="0" timestamp="2023-11-15T14:36:20 IST" skipped="2">
  <testcase classname="TestNG.priorittestng" name="d" time="0.006"/>
  <testcase classname="TestNG.priorittestng" name="a">
    <skipped/>
  </testcase> <!-- a -->
  <testcase classname="TestNG.priorittestng" name="c">
    <skipped/>
  </testcase> <!-- c -->
</testsuite> <!-- TestNG.priorittestng -->
