<?xml version="1.0" encoding="UTF-8"?>
<!-- Generated by org.testng.reporters.JUnitReportReporter -->
<testsuite hostname="STRAW58ZLPC0582" failures="0" tests="1" name="TestNG.assetion" time="22.925" errors="0" timestamp="2023-11-15T16:19:02 IST" skipped="0">
  <testcase classname="TestNG.assetion" name="assertequals" time="22.925"/>
</testsuite> <!-- TestNG.assetion -->
