<?xml version="1.0" encoding="UTF-8"?>
<!-- Generated by org.testng.reporters.JUnitReportReporter -->
<testsuite hostname="STRAW58ZLPC0582" failures="0" tests="3" name="AnnnotationTestNG.classdemo" time="0.006" errors="0" timestamp="2023-11-16T11:17:56 IST" skipped="0">
  <testcase classname="AnnnotationTestNG.classdemo" name="addtocart" time="0.004"/>
  <testcase classname="AnnnotationTestNG.classdemo" name="payment" time="0.001"/>
  <testcase classname="AnnnotationTestNG.classdemo" name="remove" time="0.001"/>
</testsuite> <!-- AnnnotationTestNG.classdemo -->
