<?xml version="1.0" encoding="UTF-8"?>
<!-- Generated by org.testng.reporters.JUnitReportReporter -->
<testsuite hostname="STRAW58ZLPC0582" failures="0" tests="1" name="TestNG.Signup" time="0.002" errors="0" timestamp="2023-11-16T09:13:29 IST" skipped="0">
  <testcase classname="TestNG.Signup" name="a" time="0.002"/>
</testsuite> <!-- TestNG.Signup -->
