<?xml version="1.0" encoding="UTF-8"?>
<!-- Generated by org.testng.reporters.JUnitReportReporter -->
<testsuite hostname="STRAW58ZLPC0582" failures="0" tests="2" name="AnnnotationTestNG.Methoddemon" time="0.027" errors="0" timestamp="2023-11-16T10:17:07 IST" skipped="0">
  <testcase classname="AnnnotationTestNG.Methoddemon" name="remove" time="0.010"/>
  <testcase classname="AnnnotationTestNG.Methoddemon" name="addtocart" time="0.017"/>
</testsuite> <!-- AnnnotationTestNG.Methoddemon -->
