<?xml version="1.0" encoding="UTF-8"?>
<!-- Generated by org.testng.reporters.JUnitReportReporter -->
<testsuite hostname="STRAW58ZLPC0582" failures="0" tests="2" name="TestNG.groupdemo" time="0.009" errors="0" timestamp="2023-11-16T09:13:28 IST" skipped="0">
  <testcase classname="TestNG.groupdemo" name="reset_2" time="0.001"/>
  <testcase classname="TestNG.groupdemo" name="login_1" time="0.008"/>
</testsuite> <!-- TestNG.groupdemo -->
