<?xml version="1.0" encoding="UTF-8"?>
<!-- Generated by org.testng.reporters.JUnitReportReporter -->
<testsuite hostname="STRAW58ZLPC0582" failures="0" tests="2" name="AnnnotationTestNG.Testannodemo" time="0.010" errors="0" timestamp="2023-11-16T10:02:20 IST" skipped="0">
  <testcase classname="AnnnotationTestNG.Testannodemo" name="logout" time="0.002"/>
  <testcase classname="AnnnotationTestNG.Testannodemo" name="login" time="0.008"/>
</testsuite> <!-- AnnnotationTestNG.Testannodemo -->
