<?xml version="1.0" encoding="UTF-8"?>
<!-- Generated by org.testng.reporters.JUnitReportReporter -->
<testsuite hostname="STRAW58ZLPC0582" failures="0" tests="1" name="TestNG.Testdemo1" time="17.818" errors="0" timestamp="2023-11-14T11:41:34 IST" skipped="0">
  <testcase classname="TestNG.Testdemo1" name="launchgoogle" time="17.818"/>
</testsuite> <!-- TestNG.Testdemo1 -->
