<?xml version="1.0" encoding="UTF-8"?>
<!-- Generated by org.testng.reporters.JUnitReportReporter -->
<testsuite hostname="STRAW58ZLPC0582" failures="0" tests="3" name="AnnnotationTestNG.Testannotaion" time="0.012" errors="0" timestamp="2023-11-16T10:34:36 IST" skipped="0">
  <testcase classname="AnnnotationTestNG.Testannotaion" name="addtocart" time="0.008"/>
  <testcase classname="AnnnotationTestNG.Testannotaion" name="logout" time="0.002"/>
  <testcase classname="AnnnotationTestNG.Testannotaion" name="login" time="0.002"/>
</testsuite> <!-- AnnnotationTestNG.Testannotaion -->
