<?xml version="1.0" encoding="UTF-8"?>
<!-- Generated by org.testng.reporters.JUnitReportReporter -->
<testsuite hostname="STRAW58ZLPC0582" failures="0" tests="1" name="TestNG.assertnotequal" time="30.864" errors="0" timestamp="2023-11-15T09:34:50 IST" skipped="0">
  <testcase classname="TestNG.assertnotequal" name="assertnotequals" time="30.864"/>
</testsuite> <!-- TestNG.assertnotequal -->
