<?xml version="1.0" encoding="UTF-8"?>
<!-- Generated by org.testng.reporters.JUnitReportReporter -->
<testsuite hostname="STRAW58ZLPC0582" failures="0" tests="2" name="TestNG.Dependsonmethod" time="0.085" errors="0" timestamp="2023-11-16T09:35:19 IST" skipped="0">
  <testcase classname="TestNG.Dependsonmethod" name="approveleave" time="0.002"/>
  <testcase classname="TestNG.Dependsonmethod" name="applyleave" time="0.083"/>
</testsuite> <!-- TestNG.Dependsonmethod -->
