<?xml version="1.0" encoding="UTF-8"?>
<!-- Generated by org.testng.reporters.JUnitReportReporter -->
<testsuite hostname="STRAW58ZLPC0582" failures="0" tests="1" name="TestNG.AssertTrue" time="10.932" errors="0" timestamp="2023-11-15T17:42:56 IST" skipped="0">
  <testcase classname="TestNG.AssertTrue" name="assertTrueequals" time="10.932"/>
</testsuite> <!-- TestNG.AssertTrue -->
